<?xml version="1.0" ?>
<coverage version="6.2" timestamp="1640948972978" lines-valid="343" lines-covered="247" line-rate="0.7201" branches-covered="0" branches-valid="0" branch-rate="0" complexity="0">
	<!-- Generated by coverage.py: https://coverage.readthedocs.io -->
	<!-- Based on https://raw.githubusercontent.com/cobertura/web/master/htdocs/xml/coverage-04.dtd -->
	<sources>
		<source>/dcworkspace/src/factory_rest_api/src</source>
	</sources>
	<packages>
		<package name="." line-rate="0.7201" branch-rate="0" complexity="0">
			<classes>
				<class name="__init__.py" filename="__init__.py" complexity="0" line-rate="1" branch-rate="0">
					<methods/>
					<lines/>
				</class>
				<class name="app.py" filename="app.py" complexity="0" line-rate="0.9216" branch-rate="0">
					<methods/>
					<lines>
						<line number="1" hits="1"/>
						<line number="2" hits="1"/>
						<line number="4" hits="1"/>
						<line number="5" hits="1"/>
						<line number="6" hits="1"/>
						<line number="7" hits="1"/>
						<line number="8" hits="1"/>
						<line number="9" hits="1"/>
						<line number="10" hits="1"/>
						<line number="12" hits="1"/>
						<line number="14" hits="1"/>
						<line number="16" hits="1"/>
						<line number="23" hits="1"/>
						<line number="25" hits="1"/>
						<line number="28" hits="1"/>
						<line number="30" hits="1"/>
						<line number="39" hits="1"/>
						<line number="41" hits="1"/>
						<line number="44" hits="1"/>
						<line number="51" hits="1"/>
						<line number="55" hits="0"/>
						<line number="56" hits="0"/>
						<line number="59" hits="1"/>
						<line number="66" hits="1"/>
						<line number="70" hits="0"/>
						<line number="71" hits="0"/>
						<line number="74" hits="1"/>
						<line number="85" hits="1"/>
						<line number="92" hits="1"/>
						<line number="93" hits="1"/>
						<line number="94" hits="1"/>
						<line number="97" hits="1"/>
						<line number="100" hits="1"/>
						<line number="111" hits="1"/>
						<line number="117" hits="1"/>
						<line number="120" hits="1"/>
						<line number="123" hits="1"/>
						<line number="127" hits="1"/>
						<line number="130" hits="1"/>
						<line number="141" hits="1"/>
						<line number="148" hits="1"/>
						<line number="151" hits="1"/>
						<line number="152" hits="1"/>
						<line number="155" hits="1"/>
						<line number="158" hits="1"/>
						<line number="169" hits="1"/>
						<line number="176" hits="1"/>
						<line number="179" hits="1"/>
						<line number="180" hits="1"/>
						<line number="184" hits="1"/>
						<line number="187" hits="1"/>
					</lines>
				</class>
				<class name="configuration_service.py" filename="configuration_service.py" complexity="0" line-rate="0.6667" branch-rate="0">
					<methods/>
					<lines>
						<line number="1" hits="1"/>
						<line number="4" hits="1"/>
						<line number="24" hits="1"/>
						<line number="25" hits="0"/>
						<line number="26" hits="0"/>
						<line number="28" hits="0"/>
						<line number="29" hits="0"/>
						<line number="31" hits="1"/>
						<line number="32" hits="1"/>
						<line number="33" hits="0"/>
						<line number="34" hits="0"/>
						<line number="36" hits="1"/>
						<line number="38" hits="1"/>
						<line number="39" hits="0"/>
						<line number="41" hits="1"/>
						<line number="42" hits="0"/>
						<line number="44" hits="1"/>
						<line number="45" hits="0"/>
						<line number="47" hits="1"/>
						<line number="48" hits="1"/>
						<line number="50" hits="1"/>
						<line number="51" hits="1"/>
						<line number="53" hits="1"/>
						<line number="54" hits="1"/>
						<line number="56" hits="1"/>
						<line number="57" hits="1"/>
						<line number="59" hits="1"/>
						<line number="60" hits="1"/>
						<line number="62" hits="1"/>
						<line number="63" hits="0"/>
					</lines>
				</class>
				<class name="factory_service.py" filename="factory_service.py" complexity="0" line-rate="0.5866" branch-rate="0">
					<methods/>
					<lines>
						<line number="1" hits="1"/>
						<line number="2" hits="1"/>
						<line number="3" hits="1"/>
						<line number="4" hits="1"/>
						<line number="5" hits="1"/>
						<line number="6" hits="1"/>
						<line number="8" hits="1"/>
						<line number="9" hits="1"/>
						<line number="10" hits="1"/>
						<line number="25" hits="1"/>
						<line number="26" hits="1"/>
						<line number="27" hits="1"/>
						<line number="28" hits="1"/>
						<line number="42" hits="1"/>
						<line number="43" hits="1"/>
						<line number="44" hits="1"/>
						<line number="45" hits="1"/>
						<line number="46" hits="1"/>
						<line number="47" hits="1"/>
						<line number="48" hits="1"/>
						<line number="49" hits="1"/>
						<line number="50" hits="1"/>
						<line number="53" hits="1"/>
						<line number="55" hits="1"/>
						<line number="58" hits="1"/>
						<line number="60" hits="0"/>
						<line number="63" hits="1"/>
						<line number="66" hits="1"/>
						<line number="67" hits="1"/>
						<line number="68" hits="1"/>
						<line number="69" hits="1"/>
						<line number="70" hits="1"/>
						<line number="71" hits="1"/>
						<line number="72" hits="1"/>
						<line number="73" hits="1"/>
						<line number="74" hits="1"/>
						<line number="103" hits="1"/>
						<line number="105" hits="0"/>
						<line number="106" hits="0"/>
						<line number="108" hits="0"/>
						<line number="109" hits="0"/>
						<line number="111" hits="1"/>
						<line number="113" hits="0"/>
						<line number="114" hits="0"/>
						<line number="115" hits="0"/>
						<line number="117" hits="0"/>
						<line number="119" hits="1"/>
						<line number="121" hits="0"/>
						<line number="122" hits="0"/>
						<line number="123" hits="0"/>
						<line number="124" hits="0"/>
						<line number="125" hits="0"/>
						<line number="126" hits="0"/>
						<line number="127" hits="0"/>
						<line number="128" hits="0"/>
						<line number="129" hits="0"/>
						<line number="131" hits="1"/>
						<line number="133" hits="0"/>
						<line number="134" hits="0"/>
						<line number="136" hits="1"/>
						<line number="138" hits="0"/>
						<line number="139" hits="0"/>
						<line number="143" hits="0"/>
						<line number="146" hits="0"/>
						<line number="149" hits="0"/>
						<line number="153" hits="1"/>
						<line number="159" hits="1"/>
						<line number="160" hits="1"/>
						<line number="161" hits="0"/>
						<line number="162" hits="1"/>
						<line number="163" hits="1"/>
						<line number="164" hits="1"/>
						<line number="166" hits="1"/>
						<line number="172" hits="1"/>
						<line number="173" hits="1"/>
						<line number="175" hits="1"/>
						<line number="181" hits="1"/>
						<line number="182" hits="1"/>
						<line number="184" hits="1"/>
						<line number="190" hits="1"/>
						<line number="191" hits="1"/>
						<line number="192" hits="1"/>
						<line number="193" hits="0"/>
						<line number="194" hits="0"/>
						<line number="195" hits="0"/>
						<line number="197" hits="1"/>
						<line number="205" hits="1"/>
						<line number="221" hits="1"/>
						<line number="222" hits="1"/>
						<line number="648" hits="1"/>
						<line number="649" hits="1"/>
						<line number="650" hits="1"/>
						<line number="651" hits="1"/>
						<line number="652" hits="1"/>
						<line number="655" hits="1"/>
						<line number="656" hits="1"/>
						<line number="657" hits="1"/>
						<line number="659" hits="1"/>
						<line number="660" hits="1"/>
						<line number="661" hits="1"/>
						<line number="662" hits="1"/>
						<line number="663" hits="1"/>
						<line number="664" hits="0"/>
						<line number="665" hits="0"/>
						<line number="666" hits="1"/>
						<line number="667" hits="1"/>
						<line number="668" hits="1"/>
						<line number="670" hits="1"/>
						<line number="671" hits="1"/>
						<line number="672" hits="1"/>
						<line number="673" hits="1"/>
						<line number="674" hits="1"/>
						<line number="675" hits="0"/>
						<line number="676" hits="0"/>
						<line number="677" hits="0"/>
						<line number="678" hits="1"/>
						<line number="679" hits="1"/>
						<line number="680" hits="1"/>
						<line number="681" hits="1"/>
						<line number="683" hits="1"/>
						<line number="684" hits="1"/>
						<line number="685" hits="1"/>
						<line number="686" hits="1"/>
						<line number="687" hits="1"/>
						<line number="688" hits="0"/>
						<line number="689" hits="1"/>
						<line number="690" hits="1"/>
						<line number="691" hits="1"/>
						<line number="693" hits="1"/>
						<line number="703" hits="0"/>
						<line number="709" hits="0"/>
						<line number="711" hits="0"/>
						<line number="712" hits="0"/>
						<line number="713" hits="0"/>
						<line number="714" hits="0"/>
						<line number="716" hits="0"/>
						<line number="721" hits="0"/>
						<line number="722" hits="0"/>
						<line number="723" hits="0"/>
						<line number="726" hits="0"/>
						<line number="729" hits="0"/>
						<line number="730" hits="0"/>
						<line number="744" hits="0"/>
						<line number="749" hits="0"/>
						<line number="750" hits="0"/>
						<line number="751" hits="0"/>
						<line number="754" hits="0"/>
						<line number="757" hits="0"/>
						<line number="758" hits="0"/>
						<line number="772" hits="0"/>
						<line number="775" hits="0"/>
						<line number="776" hits="0"/>
						<line number="777" hits="0"/>
						<line number="780" hits="0"/>
						<line number="783" hits="0"/>
						<line number="784" hits="0"/>
						<line number="798" hits="0"/>
						<line number="804" hits="0"/>
						<line number="805" hits="0"/>
						<line number="806" hits="0"/>
						<line number="808" hits="0"/>
						<line number="809" hits="0"/>
						<line number="810" hits="0"/>
						<line number="812" hits="0"/>
						<line number="813" hits="0"/>
						<line number="815" hits="0"/>
						<line number="823" hits="0"/>
						<line number="825" hits="1"/>
						<line number="836" hits="1"/>
						<line number="842" hits="1"/>
						<line number="843" hits="0"/>
						<line number="852" hits="1"/>
						<line number="863" hits="1"/>
						<line number="872" hits="1"/>
						<line number="874" hits="1"/>
						<line number="888" hits="1"/>
						<line number="894" hits="1"/>
						<line number="900" hits="1"/>
						<line number="907" hits="1"/>
					</lines>
				</class>
				<class name="log_service.py" filename="log_service.py" complexity="0" line-rate="0.8889" branch-rate="0">
					<methods/>
					<lines>
						<line number="1" hits="1"/>
						<line number="2" hits="1"/>
						<line number="5" hits="1"/>
						<line number="6" hits="1"/>
						<line number="7" hits="1"/>
						<line number="8" hits="1"/>
						<line number="9" hits="1"/>
						<line number="10" hits="1"/>
						<line number="11" hits="1"/>
						<line number="14" hits="1"/>
						<line number="19" hits="1"/>
						<line number="20" hits="0"/>
						<line number="25" hits="1"/>
						<line number="26" hits="1"/>
						<line number="31" hits="1"/>
						<line number="32" hits="0"/>
						<line number="37" hits="1"/>
						<line number="38" hits="1"/>
					</lines>
				</class>
				<class name="main.py" filename="main.py" complexity="0" line-rate="0" branch-rate="0">
					<methods/>
					<lines>
						<line number="2" hits="0"/>
						<line number="4" hits="0"/>
						<line number="5" hits="0"/>
						<line number="7" hits="0"/>
						<line number="9" hits="0"/>
						<line number="10" hits="0"/>
					</lines>
				</class>
				<class name="models.py" filename="models.py" complexity="0" line-rate="1" branch-rate="0">
					<methods/>
					<lines>
						<line number="1" hits="1"/>
						<line number="2" hits="1"/>
						<line number="3" hits="1"/>
						<line number="5" hits="1"/>
						<line number="8" hits="1"/>
						<line number="9" hits="1"/>
						<line number="10" hits="1"/>
						<line number="11" hits="1"/>
						<line number="12" hits="1"/>
						<line number="13" hits="1"/>
						<line number="15" hits="1"/>
						<line number="16" hits="1"/>
						<line number="17" hits="1"/>
						<line number="18" hits="1"/>
						<line number="21" hits="1"/>
						<line number="22" hits="1"/>
						<line number="23" hits="1"/>
						<line number="24" hits="1"/>
						<line number="25" hits="1"/>
						<line number="28" hits="1"/>
						<line number="29" hits="1"/>
						<line number="30" hits="1"/>
						<line number="31" hits="1"/>
						<line number="32" hits="1"/>
						<line number="35" hits="1"/>
						<line number="36" hits="1"/>
						<line number="37" hits="1"/>
						<line number="38" hits="1"/>
						<line number="39" hits="1"/>
						<line number="40" hits="1"/>
						<line number="41" hits="1"/>
						<line number="44" hits="1"/>
						<line number="45" hits="1"/>
						<line number="46" hits="1"/>
						<line number="47" hits="1"/>
						<line number="48" hits="1"/>
						<line number="49" hits="1"/>
						<line number="52" hits="1"/>
						<line number="53" hits="1"/>
						<line number="54" hits="1"/>
						<line number="55" hits="1"/>
						<line number="56" hits="1"/>
						<line number="59" hits="1"/>
						<line number="60" hits="1"/>
						<line number="61" hits="1"/>
						<line number="62" hits="1"/>
						<line number="65" hits="1"/>
						<line number="66" hits="1"/>
						<line number="67" hits="1"/>
						<line number="70" hits="1"/>
						<line number="71" hits="1"/>
						<line number="72" hits="1"/>
						<line number="73" hits="1"/>
						<line number="74" hits="1"/>
						<line number="77" hits="1"/>
						<line number="78" hits="1"/>
						<line number="79" hits="1"/>
						<line number="80" hits="1"/>
						<line number="81" hits="1"/>
					</lines>
				</class>
			</classes>
		</package>
	</packages>
</coverage>
