<?xml version="1.0" encoding="utf-8"?><testsuites><testsuite name="pytest" errors="0" failures="0" skipped="0" tests="8" time="0.710" timestamp="2021-12-31T11:09:32.477324" hostname="13275064bc06"><testcase classname="tests.test_factory" name="test_create_pipeline" time="0.015" /><testcase classname="tests.test_factory" name="test_get_pipeline" time="0.007" /><testcase classname="tests.test_factory" name="test_launch_pipeline_run" time="0.006" /><testcase classname="tests.test_factory" name="test_get_pipeline_run" time="0.005" /><testcase classname="tests.test_factory" name="test_factory_service_get_folder_file_from_script" time="0.003" /><testcase classname="tests.test_factory" name="test_factory_service_get_sink_file_from_script" time="0.002" /><testcase classname="tests.test_factory" name="test_factory_service_get_column_list_from_script" time="0.002" /><testcase classname="tests.test_factory" name="test_factory_service_get_storage_account_name_from_endpoint" time="0.002" /></testsuite></testsuites>