<?xml version="1.0" encoding="utf-8"?><testsuites><testsuite name="pytest" errors="0" failures="0" skipped="0" tests="6" time="268.066" timestamp="2022-01-03T10:13:17.063952" hostname="e6e40148b0c9"><testcase classname="test_datafactory" name="test_copy_input_files" time="3.757" /><testcase classname="test_datafactory" name="test_create_pipeline" time="4.408" /><testcase classname="test_datafactory" name="test_get_pipeline" time="2.604" /><testcase classname="test_datafactory" name="test_trigger_run" time="3.267" /><testcase classname="test_datafactory" name="test_wait_for_run_completion" time="252.139" /><testcase classname="test_datafactory" name="test_check_received_file" time="1.342" /></testsuite></testsuites>